{
  "RSpec": {
    "coverage": {
      "/Users/jaydeepradadiya/Documents/GitHub/Data_Mgmt_for_Sealants_Outreach_Program/Sealant-On-Rails/app/helpers/application_helper.rb": {
        "lines": [
          null,
          null,
          1,
          null
        ]
      },
      "/Users/jaydeepradadiya/Documents/GitHub/Data_Mgmt_for_Sealants_Outreach_Program/Sealant-On-Rails/app/helpers/child_details_helper.rb": {
        "lines": [
          null,
          null,
          1,
          null
        ]
      },
      "/Users/jaydeepradadiya/Documents/GitHub/Data_Mgmt_for_Sealants_Outreach_Program/Sealant-On-Rails/app/helpers/child_level_details_helper.rb": {
        "lines": [
          null,
          null,
          1,
          null
        ]
      },
      "/Users/jaydeepradadiya/Documents/GitHub/Data_Mgmt_for_Sealants_Outreach_Program/Sealant-On-Rails/app/helpers/event_details_helper.rb": {
        "lines": [
          null,
          null,
          1,
          null
        ]
      },
      "/Users/jaydeepradadiya/Documents/GitHub/Data_Mgmt_for_Sealants_Outreach_Program/Sealant-On-Rails/app/helpers/excel_exports_helper.rb": {
        "lines": [
          null,
          null,
          1,
          null
        ]
      },
      "/Users/jaydeepradadiya/Documents/GitHub/Data_Mgmt_for_Sealants_Outreach_Program/Sealant-On-Rails/app/helpers/patient_details_helper.rb": {
        "lines": [
          null,
          null,
          1,
          null
        ]
      },
      "/Users/jaydeepradadiya/Documents/GitHub/Data_Mgmt_for_Sealants_Outreach_Program/Sealant-On-Rails/app/helpers/sessions_helper.rb": {
        "lines": [
          null,
          null,
          1,
          null
        ]
      },
      "/Users/jaydeepradadiya/Documents/GitHub/Data_Mgmt_for_Sealants_Outreach_Program/Sealant-On-Rails/app/helpers/statistics_helper.rb": {
        "lines": [
          null,
          null,
          1,
          null
        ]
      },
      "/Users/jaydeepradadiya/Documents/GitHub/Data_Mgmt_for_Sealants_Outreach_Program/Sealant-On-Rails/app/helpers/users_helper.rb": {
        "lines": [
          null,
          null,
          1,
          null
        ]
      },
      "/Users/jaydeepradadiya/Documents/GitHub/Data_Mgmt_for_Sealants_Outreach_Program/Sealant-On-Rails/app/helpers/whitelists_helper.rb": {
        "lines": [
          null,
          null,
          1,
          null
        ]
      },
      "/Users/jaydeepradadiya/Documents/GitHub/Data_Mgmt_for_Sealants_Outreach_Program/Sealant-On-Rails/app/channels/application_cable/channel.rb": {
        "lines": [
          null,
          null,
          1,
          1,
          null,
          null
        ]
      },
      "/Users/jaydeepradadiya/Documents/GitHub/Data_Mgmt_for_Sealants_Outreach_Program/Sealant-On-Rails/app/channels/application_cable/connection.rb": {
        "lines": [
          null,
          null,
          1,
          1,
          null,
          null
        ]
      },
      "/Users/jaydeepradadiya/Documents/GitHub/Data_Mgmt_for_Sealants_Outreach_Program/Sealant-On-Rails/app/controllers/child_level_details_controller.rb": {
        "lines": [
          null,
          null,
          1,
          1,
          null,
          null,
          1,
          1,
          null,
          null,
          null,
          1,
          1,
          null,
          null,
          null,
          1,
          1,
          null,
          null,
          null,
          1,
          null,
          null,
          1,
          8,
          8,
          null,
          8,
          8,
          null,
          1,
          1,
          2,
          null,
          0,
          0,
          null,
          null,
          null,
          7,
          7,
          12,
          null,
          2,
          1,
          null,
          null,
          null,
          null,
          null,
          null,
          1,
          2,
          2,
          1,
          1,
          null,
          null,
          1,
          null,
          2,
          1,
          null,
          null,
          null,
          null,
          null,
          1,
          0,
          null,
          0,
          0,
          0,
          null,
          null,
          null,
          1,
          4,
          1,
          null,
          1,
          null,
          null,
          1,
          null,
          null,
          1,
          4,
          null,
          null,
          null,
          1,
          11,
          null,
          null,
          null,
          null,
          null,
          null,
          null,
          null,
          null
        ]
      },
      "/Users/jaydeepradadiya/Documents/GitHub/Data_Mgmt_for_Sealants_Outreach_Program/Sealant-On-Rails/app/controllers/application_controller.rb": {
        "lines": [
          null,
          null,
          1,
          1,
          1,
          1,
          0,
          null,
          0,
          null,
          null,
          1,
          31,
          null,
          null,
          1,
          37,
          null,
          null
        ]
      },
      "/Users/jaydeepradadiya/Documents/GitHub/Data_Mgmt_for_Sealants_Outreach_Program/Sealant-On-Rails/app/controllers/event_details_controller.rb": {
        "lines": [
          null,
          null,
          null,
          1,
          1,
          null,
          null,
          1,
          2,
          null,
          null,
          null,
          1,
          null,
          null,
          1,
          3,
          null,
          null,
          null,
          1,
          null,
          null,
          1,
          2,
          null,
          2,
          2,
          4,
          2,
          null,
          0,
          0,
          null,
          null,
          null,
          null,
          null,
          1,
          2,
          2,
          4,
          2,
          null,
          0,
          0,
          null,
          null,
          null,
          null,
          null,
          1,
          1,
          null,
          1,
          2,
          1,
          null,
          null,
          null,
          1,
          null,
          null,
          1,
          5,
          null,
          null,
          null,
          1,
          4,
          null,
          null,
          null
        ]
      },
      "/Users/jaydeepradadiya/Documents/GitHub/Data_Mgmt_for_Sealants_Outreach_Program/Sealant-On-Rails/app/controllers/excel_exports_controller.rb": {
        "lines": [
          null,
          null,
          1,
          null,
          1,
          1,
          1,
          1,
          1,
          null,
          1,
          null,
          null,
          null,
          null,
          null,
          null,
          null,
          null,
          null,
          null,
          null,
          null,
          null,
          null,
          null,
          null,
          null,
          null,
          null,
          null,
          null,
          null,
          null,
          null,
          null,
          null,
          null,
          null,
          null,
          null,
          null,
          null,
          null,
          null,
          null,
          null,
          null,
          null,
          1,
          0,
          null,
          null,
          null,
          null,
          null,
          null,
          null,
          null,
          null,
          null,
          null,
          null,
          null,
          null,
          null,
          null,
          null,
          null,
          null,
          null,
          null,
          null,
          null,
          null,
          null,
          null,
          null,
          null,
          null,
          null,
          null,
          null,
          null,
          null,
          null,
          null,
          null,
          null,
          null,
          null,
          1,
          null,
          null,
          1,
          1,
          1,
          1,
          null,
          1,
          null,
          null,
          null,
          null,
          null,
          null,
          null,
          null,
          null,
          null,
          null,
          null,
          null,
          null,
          null,
          null,
          null,
          null,
          null,
          null,
          null,
          null,
          null,
          null,
          1,
          0,
          null,
          null,
          null,
          null,
          null,
          null,
          null,
          null,
          null,
          null,
          null,
          null,
          null,
          null,
          null,
          null,
          null,
          null,
          null,
          null,
          null,
          null,
          null,
          null,
          null,
          null,
          1,
          null,
          null,
          null,
          null,
          null,
          null,
          null,
          null,
          null,
          null,
          null,
          null,
          null,
          null,
          null,
          null,
          null,
          null,
          null,
          null,
          null,
          null,
          null,
          null,
          null,
          null,
          null,
          null,
          null,
          null,
          null
        ]
      },
      "/Users/jaydeepradadiya/Documents/GitHub/Data_Mgmt_for_Sealants_Outreach_Program/Sealant-On-Rails/app/controllers/patient_details_controller.rb": {
        "lines": [
          null,
          null,
          1,
          1,
          null,
          null,
          1,
          1,
          null,
          null,
          null,
          1,
          1,
          null,
          null,
          null,
          1,
          1,
          null,
          null,
          null,
          1,
          null,
          null,
          1,
          2,
          2,
          null,
          2,
          2,
          2,
          2,
          null,
          2,
          null,
          0,
          0,
          null,
          null,
          null,
          null,
          null,
          1,
          2,
          2,
          2,
          2,
          null,
          2,
          null,
          0,
          0,
          null,
          null,
          null,
          null,
          null,
          1,
          2,
          null,
          2,
          4,
          2,
          null,
          null,
          null,
          1,
          null,
          null,
          1,
          6,
          null,
          null,
          null,
          1,
          8,
          null,
          null,
          null
        ]
      },
      "/Users/jaydeepradadiya/Documents/GitHub/Data_Mgmt_for_Sealants_Outreach_Program/Sealant-On-Rails/app/controllers/sessions_controller.rb": {
        "lines": [
          null,
          null,
          1,
          1,
          1,
          null,
          1,
          2,
          null,
          1,
          null,
          null,
          1,
          0,
          null,
          0,
          0,
          0,
          null,
          0,
          0,
          null,
          null,
          null,
          1,
          1,
          1,
          null,
          null,
          1,
          1,
          null,
          1,
          1,
          1,
          null,
          null,
          1,
          1,
          1,
          null,
          0,
          0,
          null,
          null,
          null,
          1,
          5,
          5,
          null,
          4,
          4,
          null,
          null
        ]
      },
      "/Users/jaydeepradadiya/Documents/GitHub/Data_Mgmt_for_Sealants_Outreach_Program/Sealant-On-Rails/app/controllers/statistics_controller.rb": {
        "lines": [
          null,
          null,
          1,
          1,
          3,
          null,
          null,
          null,
          null,
          null,
          null,
          null,
          null,
          null,
          null,
          null,
          null,
          null,
          null,
          null,
          null,
          null,
          null,
          null,
          null,
          null,
          null,
          null,
          null,
          null,
          1,
          2,
          null,
          null,
          null,
          null,
          null,
          null,
          null,
          null,
          null,
          null,
          null,
          null,
          2,
          null,
          null,
          null,
          null,
          null,
          null,
          null,
          2,
          null,
          null,
          null,
          null,
          null,
          null,
          null,
          3,
          null,
          1,
          null,
          null,
          null,
          null,
          null,
          null,
          null,
          3,
          null,
          1,
          null,
          null,
          null,
          null,
          null,
          null,
          2,
          null,
          2,
          null,
          null,
          null,
          1,
          null,
          null,
          null,
          null,
          null,
          null,
          1,
          null,
          null,
          null,
          null,
          null,
          null,
          1,
          null,
          null,
          null,
          null,
          null,
          null,
          1,
          null,
          null,
          null,
          null,
          null,
          null,
          1,
          null,
          null,
          null,
          null,
          null,
          null,
          null,
          null,
          1,
          1,
          null,
          null,
          null,
          null,
          null,
          null,
          null,
          null,
          null,
          null,
          1,
          null,
          null,
          null,
          1,
          null,
          null,
          null,
          1,
          null,
          null,
          null,
          null,
          null,
          null,
          1,
          null,
          null,
          null,
          null,
          null,
          null,
          1,
          null,
          null,
          null,
          null,
          null,
          null,
          1,
          null,
          null,
          null,
          null,
          null,
          null,
          null,
          null,
          1,
          8,
          8,
          4,
          null,
          8,
          null,
          null,
          1,
          1,
          null,
          null,
          null,
          null,
          null,
          null,
          null,
          null,
          null,
          null,
          null,
          1,
          null,
          null,
          null,
          null,
          null,
          null,
          null,
          null,
          null,
          null,
          null,
          null,
          null,
          null,
          null,
          null,
          null,
          1,
          null,
          null,
          null,
          null,
          null,
          null,
          null,
          null,
          null,
          null,
          null,
          null,
          null,
          null,
          null,
          null,
          null,
          1,
          null,
          null,
          null,
          null,
          null,
          null,
          null,
          null,
          null,
          null,
          null,
          null,
          null,
          null,
          null,
          null,
          1,
          null,
          null,
          null,
          1,
          null,
          null,
          1,
          null,
          null,
          null,
          null,
          null,
          null,
          null,
          null,
          1,
          null,
          null,
          null,
          1,
          null,
          null,
          null,
          null,
          null,
          null,
          1,
          null,
          null,
          null,
          null,
          null,
          null,
          1,
          null,
          null,
          null,
          null,
          null,
          null,
          1,
          null,
          null,
          null,
          null,
          null,
          null,
          null,
          null,
          1,
          null,
          null,
          null,
          1,
          null,
          null,
          null,
          null,
          null,
          null,
          1,
          null,
          null,
          null,
          null,
          null,
          null,
          1,
          null,
          null,
          null,
          null,
          null,
          null,
          1,
          null,
          null,
          null,
          null,
          null,
          null,
          null,
          null,
          1,
          null,
          null,
          null,
          1,
          null,
          null,
          null,
          null,
          null,
          null,
          1,
          null,
          null,
          null,
          null,
          null,
          null,
          1,
          null,
          null,
          null,
          null,
          null,
          null,
          1,
          null,
          null,
          null,
          null,
          null,
          null,
          null,
          null,
          1,
          null,
          null,
          null,
          1,
          null,
          null,
          null,
          null,
          null,
          null,
          1,
          null,
          null,
          null,
          null,
          null,
          null,
          null,
          null
        ]
      },
      "/Users/jaydeepradadiya/Documents/GitHub/Data_Mgmt_for_Sealants_Outreach_Program/Sealant-On-Rails/app/controllers/users_controller.rb": {
        "lines": [
          null,
          null,
          1,
          1,
          2,
          null,
          null,
          1,
          4,
          4,
          2,
          2,
          null,
          2,
          null,
          null,
          null,
          1,
          null,
          1,
          4,
          null,
          null
        ]
      },
      "/Users/jaydeepradadiya/Documents/GitHub/Data_Mgmt_for_Sealants_Outreach_Program/Sealant-On-Rails/app/controllers/whitelists_controller.rb": {
        "lines": [
          null,
          null,
          1,
          1,
          1,
          null,
          null,
          1,
          1,
          null,
          null,
          null,
          1,
          null,
          null,
          1,
          1,
          null,
          null,
          null,
          1,
          null,
          null,
          1,
          2,
          null,
          2,
          2,
          2,
          1,
          null,
          2,
          1,
          null,
          null,
          null,
          null,
          null,
          1,
          2,
          2,
          2,
          1,
          null,
          2,
          1,
          null,
          null,
          null,
          null,
          null,
          1,
          1,
          null,
          1,
          2,
          1,
          null,
          null,
          null,
          1,
          null,
          null,
          1,
          5,
          null,
          null,
          null,
          1,
          4,
          null,
          null,
          1,
          0,
          0,
          null,
          0,
          null,
          0,
          0,
          null,
          null
        ]
      },
      "/Users/jaydeepradadiya/Documents/GitHub/Data_Mgmt_for_Sealants_Outreach_Program/Sealant-On-Rails/app/jobs/application_job.rb": {
        "lines": [
          null,
          null,
          1,
          null,
          null,
          null,
          null,
          null,
          null
        ]
      },
      "/Users/jaydeepradadiya/Documents/GitHub/Data_Mgmt_for_Sealants_Outreach_Program/Sealant-On-Rails/app/mailers/application_mailer.rb": {
        "lines": [
          null,
          null,
          1,
          1,
          1,
          null
        ]
      },
      "/Users/jaydeepradadiya/Documents/GitHub/Data_Mgmt_for_Sealants_Outreach_Program/Sealant-On-Rails/app/models/child_level_detail.rb": {
        "lines": [
          null,
          null,
          1,
          1,
          null,
          1,
          null
        ]
      },
      "/Users/jaydeepradadiya/Documents/GitHub/Data_Mgmt_for_Sealants_Outreach_Program/Sealant-On-Rails/app/models/application_record.rb": {
        "lines": [
          null,
          null,
          1,
          1,
          null
        ]
      },
      "/Users/jaydeepradadiya/Documents/GitHub/Data_Mgmt_for_Sealants_Outreach_Program/Sealant-On-Rails/app/models/patient_detail.rb": {
        "lines": [
          null,
          null,
          1,
          1,
          null,
          1,
          1,
          1,
          1,
          1,
          1,
          1,
          null,
          1,
          1,
          null
        ]
      },
      "/Users/jaydeepradadiya/Documents/GitHub/Data_Mgmt_for_Sealants_Outreach_Program/Sealant-On-Rails/app/models/event_detail.rb": {
        "lines": [
          null,
          null,
          1,
          1,
          1,
          1,
          1,
          1,
          1,
          1,
          1,
          1,
          1,
          1,
          1,
          1,
          1,
          1,
          1,
          1,
          null,
          1,
          1,
          1,
          1,
          1,
          null
        ]
      },
      "/Users/jaydeepradadiya/Documents/GitHub/Data_Mgmt_for_Sealants_Outreach_Program/Sealant-On-Rails/app/models/whitelist.rb": {
        "lines": [
          null,
          null,
          null,
          1,
          1,
          null,
          1,
          0,
          null,
          null,
          1,
          null
        ]
      },
      "/Users/jaydeepradadiya/Documents/GitHub/Data_Mgmt_for_Sealants_Outreach_Program/Sealant-On-Rails/app/models/user.rb": {
        "lines": [
          null,
          null,
          1,
          1,
          null,
          1,
          null
        ]
      }
    },
    "timestamp": 1701451132
  },
  "Cucumber Features": {
    "coverage": {
      "/Users/jaynehete/Desktop/TAMU/CSCE 606 Software Engineering/new project test/Sealant-On-Rails-V2/app/controllers/patient_details_controller.rb": {
        "lines": [
          null,
          null,
          1,
          1,
          null,
          null,
          1,
          7,
          null,
          null,
          null,
          1,
          9,
          null,
          null,
          null,
          1,
          14,
          null,
          null,
          null,
          1,
          null,
          null,
          1,
          12,
          12,
          null,
          12,
          12,
          6,
          6,
          null,
          6,
          null,
          12,
          6,
          null,
          null,
          null,
          null,
          null,
          1,
          1,
          1,
          1,
          1,
          null,
          1,
          null,
          0,
          0,
          null,
          null,
          null,
          null,
          null,
          1,
          1,
          null,
          1,
          2,
          1,
          null,
          null,
          null,
          1,
          null,
          null,
          1,
          12,
          null,
          null,
          null,
          1,
          37,
          null,
          null,
          null
        ]
      },
      "/Users/jaynehete/Desktop/TAMU/CSCE 606 Software Engineering/new project test/Sealant-On-Rails-V2/app/controllers/application_controller.rb": {
        "lines": [
          null,
          null,
          1,
          1,
          1,
          1,
          0,
          null,
          0,
          null,
          null,
          1,
          69,
          null,
          null,
          1,
          69,
          null,
          null
        ]
      },
      "/Users/jaynehete/Desktop/TAMU/CSCE 606 Software Engineering/new project test/Sealant-On-Rails-V2/app/helpers/application_helper.rb": {
        "lines": [
          null,
          null,
          1,
          null
        ]
      },
      "/Users/jaynehete/Desktop/TAMU/CSCE 606 Software Engineering/new project test/Sealant-On-Rails-V2/app/helpers/child_details_helper.rb": {
        "lines": [
          null,
          null,
          1,
          null
        ]
      },
      "/Users/jaynehete/Desktop/TAMU/CSCE 606 Software Engineering/new project test/Sealant-On-Rails-V2/app/helpers/child_level_details_helper.rb": {
        "lines": [
          null,
          null,
          1,
          null
        ]
      },
      "/Users/jaynehete/Desktop/TAMU/CSCE 606 Software Engineering/new project test/Sealant-On-Rails-V2/app/helpers/event_details_helper.rb": {
        "lines": [
          null,
          null,
          1,
          null
        ]
      },
      "/Users/jaynehete/Desktop/TAMU/CSCE 606 Software Engineering/new project test/Sealant-On-Rails-V2/app/helpers/excel_exports_helper.rb": {
        "lines": [
          null,
          null,
          1,
          null
        ]
      },
      "/Users/jaynehete/Desktop/TAMU/CSCE 606 Software Engineering/new project test/Sealant-On-Rails-V2/app/helpers/patient_details_helper.rb": {
        "lines": [
          null,
          null,
          1,
          null
        ]
      },
      "/Users/jaynehete/Desktop/TAMU/CSCE 606 Software Engineering/new project test/Sealant-On-Rails-V2/app/helpers/sessions_helper.rb": {
        "lines": [
          null,
          null,
          1,
          null
        ]
      },
      "/Users/jaynehete/Desktop/TAMU/CSCE 606 Software Engineering/new project test/Sealant-On-Rails-V2/app/helpers/statistics_helper.rb": {
        "lines": [
          null,
          null,
          1,
          null
        ]
      },
      "/Users/jaynehete/Desktop/TAMU/CSCE 606 Software Engineering/new project test/Sealant-On-Rails-V2/app/helpers/users_helper.rb": {
        "lines": [
          null,
          null,
          1,
          null
        ]
      },
      "/Users/jaynehete/Desktop/TAMU/CSCE 606 Software Engineering/new project test/Sealant-On-Rails-V2/app/helpers/whitelists_helper.rb": {
        "lines": [
          null,
          null,
          1,
          null
        ]
      },
      "/Users/jaynehete/Desktop/TAMU/CSCE 606 Software Engineering/new project test/Sealant-On-Rails-V2/app/models/patient_detail.rb": {
        "lines": [
          null,
          null,
          1,
          1,
          null,
          1,
          1,
          1,
          1,
          1,
          1,
          1,
          null,
          1,
          1,
          null
        ]
      },
      "/Users/jaynehete/Desktop/TAMU/CSCE 606 Software Engineering/new project test/Sealant-On-Rails-V2/app/models/application_record.rb": {
        "lines": [
          null,
          null,
          1,
          1,
          null
        ]
      },
      "/Users/jaynehete/Desktop/TAMU/CSCE 606 Software Engineering/new project test/Sealant-On-Rails-V2/app/controllers/child_level_details_controller.rb": {
        "lines": [
          null,
          null,
          1,
          1,
          null,
          null,
          1,
          0,
          null,
          null,
          null,
          1,
          0,
          null,
          null,
          null,
          1,
          0,
          null,
          null,
          null,
          1,
          null,
          null,
          1,
          1,
          1,
          null,
          1,
          1,
          null,
          0,
          0,
          0,
          null,
          0,
          0,
          null,
          null,
          null,
          1,
          1,
          2,
          null,
          0,
          0,
          null,
          null,
          null,
          null,
          null,
          null,
          1,
          0,
          0,
          0,
          0,
          null,
          null,
          0,
          null,
          0,
          0,
          null,
          null,
          null,
          null,
          null,
          1,
          0,
          null,
          0,
          0,
          0,
          null,
          null,
          null,
          1,
          2,
          2,
          null,
          2,
          null,
          null,
          1,
          null,
          null,
          1,
          0,
          null,
          null,
          null,
          1,
          1,
          null,
          null,
          null,
          null,
          null,
          null,
          null,
          null,
          null
        ]
      },
      "/Users/jaynehete/Desktop/TAMU/CSCE 606 Software Engineering/new project test/Sealant-On-Rails-V2/app/models/child_level_detail.rb": {
        "lines": [
          null,
          null,
          1,
          1,
          null,
          1,
          null
        ]
      },
      "/Users/jaynehete/Desktop/TAMU/CSCE 606 Software Engineering/new project test/Sealant-On-Rails-V2/app/controllers/event_details_controller.rb": {
        "lines": [
          null,
          null,
          null,
          1,
          1,
          null,
          null,
          1,
          6,
          null,
          null,
          null,
          1,
          null,
          null,
          1,
          6,
          null,
          null,
          null,
          1,
          null,
          null,
          1,
          4,
          null,
          4,
          4,
          6,
          3,
          null,
          2,
          1,
          null,
          null,
          null,
          null,
          null,
          1,
          1,
          1,
          2,
          1,
          null,
          0,
          0,
          null,
          null,
          null,
          null,
          null,
          1,
          1,
          null,
          1,
          2,
          1,
          null,
          null,
          null,
          1,
          null,
          null,
          1,
          7,
          null,
          null,
          null,
          1,
          5,
          null,
          null,
          null
        ]
      },
      "/Users/jaynehete/Desktop/TAMU/CSCE 606 Software Engineering/new project test/Sealant-On-Rails-V2/app/models/event_detail.rb": {
        "lines": [
          null,
          null,
          1,
          1,
          1,
          1,
          1,
          1,
          1,
          1,
          1,
          1,
          1,
          1,
          1,
          1,
          1,
          1,
          1,
          1,
          null,
          1,
          1,
          1,
          1,
          1,
          null
        ]
      },
      "/Users/jaynehete/Desktop/TAMU/CSCE 606 Software Engineering/new project test/Sealant-On-Rails-V2/app/controllers/sessions_controller.rb": {
        "lines": [
          null,
          null,
          1,
          1,
          1,
          null,
          1,
          6,
          null,
          0,
          null,
          null,
          1,
          0,
          null,
          0,
          0,
          0,
          null,
          0,
          0,
          null,
          null,
          null,
          1,
          0,
          0,
          null,
          null,
          1,
          0,
          null,
          0,
          0,
          0,
          null,
          null,
          0,
          0,
          0,
          null,
          0,
          0,
          null,
          null,
          null,
          1,
          2,
          2,
          null,
          2,
          2,
          null,
          null
        ]
      },
      "/Users/jaynehete/Desktop/TAMU/CSCE 606 Software Engineering/new project test/Sealant-On-Rails-V2/app/models/whitelist.rb": {
        "lines": [
          null,
          null,
          null,
          1,
          1,
          null,
          1,
          0,
          null,
          null,
          1,
          null
        ]
      },
      "/Users/jaynehete/Desktop/TAMU/CSCE 606 Software Engineering/new project test/Sealant-On-Rails-V2/app/controllers/users_controller.rb": {
        "lines": [
          null,
          null,
          1,
          1,
          1,
          null,
          null,
          1,
          0,
          0,
          0,
          0,
          null,
          0,
          null,
          null,
          null,
          1,
          null,
          1,
          0,
          null,
          null
        ]
      },
      "/Users/jaynehete/Desktop/TAMU/CSCE 606 Software Engineering/new project test/Sealant-On-Rails-V2/app/models/user.rb": {
        "lines": [
          null,
          null,
          1,
          1,
          null,
          1,
          null
        ]
      },
      "/Users/jaynehete/Desktop/TAMU/CSCE 606 Software Engineering/new project test/Sealant-On-Rails-V2/app/channels/application_cable/channel.rb": {
        "lines": [
          null,
          null,
          0,
          0,
          0,
          0
        ],
        "branches": {
        }
      },
      "/Users/jaynehete/Desktop/TAMU/CSCE 606 Software Engineering/new project test/Sealant-On-Rails-V2/app/channels/application_cable/connection.rb": {
        "lines": [
          null,
          null,
          0,
          0,
          0,
          0
        ],
        "branches": {
        }
      },
      "/Users/jaynehete/Desktop/TAMU/CSCE 606 Software Engineering/new project test/Sealant-On-Rails-V2/app/controllers/excel_exports_controller.rb": {
        "lines": [
          null,
          null,
          0,
          null,
          0,
          0,
          0,
          0,
          0,
          null,
          0,
          0,
          0,
          0,
          0,
          0,
          0,
          0,
          0,
          0,
          0,
          0,
          0,
          0,
          0,
          0,
          0,
          0,
          0,
          0,
          0,
          0,
          0,
          0,
          0,
          0,
          0,
          0,
          0,
          0,
          0,
          0,
          0,
          0,
          0,
          0,
          0,
          0,
          null,
          0,
          0,
          0,
          0,
          0,
          0,
          0,
          0,
          0,
          0,
          0,
          0,
          0,
          0,
          0,
          0,
          0,
          0,
          0,
          0,
          0,
          0,
          0,
          0,
          0,
          0,
          0,
          0,
          0,
          0,
          0,
          0,
          0,
          0,
          0,
          0,
          0,
          0,
          0,
          0,
          0,
          null,
          0,
          0,
          null,
          0,
          0,
          0,
          0,
          null,
          0,
          0,
          0,
          0,
          0,
          0,
          0,
          0,
          0,
          0,
          0,
          0,
          0,
          0,
          0,
          0,
          0,
          0,
          0,
          0,
          0,
          0,
          0,
          0,
          null,
          0,
          0,
          0,
          0,
          0,
          0,
          0,
          0,
          0,
          0,
          0,
          0,
          0,
          0,
          0,
          0,
          0,
          0,
          0,
          0,
          0,
          0,
          0,
          0,
          0,
          0,
          0,
          null,
          0,
          0,
          null,
          null,
          null,
          null,
          null,
          null,
          null,
          null,
          null,
          null,
          null,
          null,
          null,
          null,
          null,
          null,
          null,
          null,
          null,
          null,
          null,
          null,
          null,
          null,
          null,
          null,
          null,
          null,
          null,
          0
        ],
        "branches": {
        }
      },
      "/Users/jaynehete/Desktop/TAMU/CSCE 606 Software Engineering/new project test/Sealant-On-Rails-V2/app/controllers/statistics_controller.rb": {
        "lines": [
          null,
          null,
          0,
          0,
          0,
          0,
          0,
          0,
          0,
          null,
          null,
          0,
          0,
          0,
          0,
          0,
          0,
          null,
          0,
          null,
          null,
          null,
          null,
          null,
          null,
          null,
          null,
          null,
          0,
          null,
          0,
          0,
          0,
          0,
          0,
          0,
          0,
          0,
          0,
          0,
          0,
          0,
          null,
          null,
          0,
          0,
          0,
          0,
          0,
          0,
          null,
          null,
          0,
          0,
          0,
          0,
          0,
          0,
          null,
          0,
          0,
          0,
          0,
          0,
          0,
          0,
          0,
          0,
          null,
          0,
          0,
          0,
          0,
          0,
          0,
          0,
          0,
          0,
          null,
          0,
          0,
          0,
          0,
          0,
          0,
          0,
          0,
          0,
          0,
          0,
          0,
          0,
          0,
          0,
          0,
          0,
          0,
          0,
          0,
          0,
          0,
          0,
          0,
          0,
          0,
          0,
          0,
          0,
          0,
          0,
          0,
          0,
          0,
          0,
          0,
          0,
          0,
          0,
          0,
          0,
          0,
          null,
          0,
          0,
          0,
          0,
          0,
          0,
          0,
          0,
          0,
          0,
          0,
          null,
          0,
          null,
          null,
          0,
          0,
          0,
          0,
          0,
          0,
          0,
          0,
          0,
          0,
          0,
          0,
          0,
          0,
          0,
          0,
          0,
          0,
          0,
          0,
          0,
          0,
          0,
          0,
          0,
          0,
          0,
          0,
          0,
          0,
          0,
          0,
          0,
          0,
          null,
          0,
          0,
          0,
          0,
          0,
          0,
          0,
          null,
          0,
          0,
          0,
          0,
          0,
          0,
          0,
          null,
          null,
          null,
          null,
          null,
          0,
          0,
          0,
          0,
          0,
          0,
          0,
          0,
          0,
          0,
          0,
          0,
          0,
          0,
          0,
          0,
          null,
          null,
          0,
          0,
          0,
          0,
          0,
          0,
          0,
          0,
          0,
          0,
          0,
          0,
          0,
          0,
          0,
          0,
          null,
          null,
          0,
          0,
          0,
          0,
          0,
          0,
          0,
          0,
          0,
          0,
          0,
          0,
          0,
          0,
          0,
          0,
          null,
          null,
          0,
          null,
          null,
          0,
          0,
          0,
          0,
          0,
          0,
          0,
          0,
          0,
          0,
          null,
          null,
          0,
          0,
          0,
          0,
          0,
          0,
          0,
          0,
          0,
          0,
          0,
          0,
          0,
          0,
          0,
          0,
          0,
          0,
          0,
          0,
          0,
          0,
          0,
          0,
          0,
          0,
          0,
          0,
          0,
          0,
          0,
          0,
          0,
          null,
          0,
          0,
          0,
          0,
          0,
          0,
          0,
          0,
          0,
          0,
          0,
          0,
          0,
          0,
          0,
          0,
          0,
          0,
          0,
          0,
          0,
          0,
          0,
          0,
          0,
          0,
          0,
          0,
          0,
          0,
          0,
          0,
          0,
          null,
          0,
          0,
          0,
          0,
          0,
          0,
          0,
          0,
          0,
          0,
          0,
          0,
          0,
          0,
          0,
          0,
          0,
          0,
          0,
          0,
          0,
          0,
          0,
          0,
          0,
          0,
          0,
          0,
          0,
          0,
          0,
          0,
          0,
          null,
          0,
          0,
          0,
          0,
          0,
          0,
          0,
          0,
          0,
          0,
          0,
          0,
          0,
          0,
          0,
          0,
          0,
          0,
          0,
          0,
          0
        ],
        "branches": {
        }
      },
      "/Users/jaynehete/Desktop/TAMU/CSCE 606 Software Engineering/new project test/Sealant-On-Rails-V2/app/controllers/whitelists_controller.rb": {
        "lines": [
          null,
          null,
          0,
          0,
          0,
          null,
          null,
          0,
          0,
          0,
          null,
          null,
          0,
          null,
          null,
          0,
          0,
          0,
          null,
          null,
          0,
          null,
          null,
          0,
          0,
          null,
          0,
          0,
          0,
          0,
          0,
          0,
          0,
          0,
          0,
          0,
          null,
          null,
          0,
          0,
          0,
          0,
          0,
          0,
          0,
          0,
          0,
          0,
          0,
          null,
          null,
          0,
          0,
          null,
          0,
          0,
          0,
          0,
          0,
          null,
          0,
          null,
          null,
          0,
          0,
          0,
          null,
          null,
          0,
          0,
          0,
          null,
          0,
          0,
          0,
          null,
          0,
          null,
          0,
          0,
          0,
          0
        ],
        "branches": {
        }
      },
      "/Users/jaynehete/Desktop/TAMU/CSCE 606 Software Engineering/new project test/Sealant-On-Rails-V2/app/jobs/application_job.rb": {
        "lines": [
          null,
          null,
          0,
          null,
          null,
          null,
          null,
          null,
          0
        ],
        "branches": {
        }
      },
      "/Users/jaynehete/Desktop/TAMU/CSCE 606 Software Engineering/new project test/Sealant-On-Rails-V2/app/mailers/application_mailer.rb": {
        "lines": [
          null,
          null,
          0,
          0,
          0,
          0
        ],
        "branches": {
        }
      }
    },
    "timestamp": 1701274566
  }
}
